0 info it worked if it ends with ok
1 verbose cli [ '/usr/local/bin/node', '/usr/local/bin/npm', 'publish' ]
2 info using npm@3.7.3
3 info using node@v5.8.0
4 verbose publish [ '.' ]
5 silly cache add args [ '.', null ]
6 verbose cache add spec .
7 silly cache add parsed spec Result {
7 silly cache add   raw: '.',
7 silly cache add   scope: null,
7 silly cache add   name: null,
7 silly cache add   rawSpec: '.',
7 silly cache add   spec: '/Volumes/Data/Repositorios/yeoman/generator-starling',
7 silly cache add   type: 'directory' }
8 verbose addLocalDirectory /Users/zguillez/.npm/generator-starling/2.0.2/package.tgz not in flight; packing
9 verbose correctMkdir /Users/zguillez/.npm correctMkdir not in flight; initializing
10 info lifecycle generator-starling@2.0.2~prepublish: generator-starling@2.0.2
11 silly lifecycle generator-starling@2.0.2~prepublish: no script for prepublish, continuing
12 verbose tar pack [ '/Users/zguillez/.npm/generator-starling/2.0.2/package.tgz',
12 verbose tar pack   '/Volumes/Data/Repositorios/yeoman/generator-starling' ]
13 verbose tarball /Users/zguillez/.npm/generator-starling/2.0.2/package.tgz
14 verbose folder /Volumes/Data/Repositorios/yeoman/generator-starling
15 verbose addLocalTarball adding from inside cache /Users/zguillez/.npm/generator-starling/2.0.2/package.tgz
16 verbose correctMkdir /Users/zguillez/.npm correctMkdir not in flight; initializing
17 silly cache afterAdd generator-starling@2.0.2
18 verbose afterAdd /Users/zguillez/.npm/generator-starling/2.0.2/package/package.json not in flight; writing
19 verbose correctMkdir /Users/zguillez/.npm correctMkdir not in flight; initializing
20 verbose afterAdd /Users/zguillez/.npm/generator-starling/2.0.2/package/package.json written
21 silly publish { name: 'generator-starling',
21 silly publish   version: '2.0.2',
21 silly publish   description: 'Mobile development with Adobe Flash and Starling',
21 silly publish   license: 'MIT',
21 silly publish   main: 'app/index.js',
21 silly publish   repository:
21 silly publish    { type: 'git',
21 silly publish      url: 'git+https://github.com/zguillez/generator-starling.git' },
21 silly publish   author:
21 silly publish    { name: 'Guillermo de la Iglesia',
21 silly publish      email: 'mail@zguillez.io',
21 silly publish      url: 'https://github.com/zguillez' },
21 silly publish   scripts: { test: 'mocha' },
21 silly publish   files: [ 'generators' ],
21 silly publish   keywords: [ 'yeoman-generator', 'adobe', 'flash', 'air', 'starling' ],
21 silly publish   dependencies:
21 silly publish    { 'yeoman-generator': '^0.22.5',
21 silly publish      chalk: '^1.1.3',
21 silly publish      yosay: '^1.1.1' },
21 silly publish   devDependencies:
21 silly publish    { mocha: '*',
21 silly publish      grunt: '^1.0.1',
21 silly publish      'grunt-rename': '^0.1.4',
21 silly publish      'grunt-text-replace': '^0.4.0' },
21 silly publish   readme: '# generator-starling\n\n[![Join the chat at https://gitter.im/zguillez/generator-starling](https://badges.gitter.im/zguillez/generator-starling.svg)](https://gitter.im/zguillez/generator-starling?utm_source=badge&utm_medium=badge&utm_campaign=pr-badge&utm_content=badge)\n\n[![npm version](https://badge.fury.io/js/generator-starling.svg)](https://badge.fury.io/js/generator-starling)\n[![Build Status](http://img.shields.io/travis/zguillez/generator-starling.svg)](https://github.com/zguillez/generator-starling)\n[![Code Climate](http://img.shields.io/codeclimate/github/zguillez/generator-starling.svg)](https://codeclimate.com/github/zguillez/generator-starling)\n[![Dependency Status](https://gemnasium.com/zguillez/generator-starling.svg)](https://gemnasium.com/zguillez/generator-starling)\n[![Installs](https://img.shields.io/npm/dt/generator-starling.svg)](https://coveralls.io/r/zguillez/generator-starling)\n![](https://reposs.herokuapp.com/?path=zguillez/generator-starling)\n[![License](http://img.shields.io/:license-mit-blue.svg)](http://doge.mit-license.org)\n[![Analytics](https://ga-beacon.appspot.com/UA-1125217-30/zguillez/generator-starling?pixel)](https://github.com/igrigorik/ga-beacon)\n\n> [Zguillez](https://zguillez.io) | Guillermo de la Iglesia\n\n### Yeoman generator for Adobe Flash Mobile application with Starling\n\n![](http://zguillez.github.io/img/starling.png)\n\n## Getting Started\n\n### Install Yeoman\n\n\tnpm install -g yo\n\n### Yeoman Generators\n\nTo install generator-starling from npm, run:\n\n\tnpm install -g generator-starling\n\nFinally, initiate the generator:\n\n\tyo starling\n\nIf you have error on install try to update dependences manually:\n\n```bash\nsudo npm update\n```\n\n## Requeriments\n\n### NodeJS\n\n* [https://nodejs.org/](https://nodejs.org/)\n\nFor update npm\n\n\tsudo npm install npm -g\n\n# Usage\n\nInitialize the project with a Grunt task:\n\n\tgrunt init:myProjectName\n\nThis will rename the **undefined.fla** file to **myProjectName.fla**\n\nAnd rename the actionscript packages of classes *Main.as* and *Game.as* to **com.ilusionarte.games.myProjectName**   \n\n# Contributing and issues\nContributors are welcome, please fork and send pull requests! If you have any ideas on how to make this project better then please submit an issue or send me an [email](mailto:mail@zguillez.io).\n\n# License\n©2016 Zguillez.io\n\nOriginal code licensed under [MIT](https://en.wikipedia.org/wiki/MIT_License) Open Source projects used within this project retain their original licenses.\n\n# Changelog\n### v2.0.0 (January 16, 2016)\n- Include Feathers UI 2.3.0\n- Include Feathers themes\n- New initial dummy project with navigation\n\n### v1.0.0 (January 12, 2016)\n- Fix yo install version\n\n### v0.1.0 (October 16, 2015)\nInitial Starling Framework skeleton',
21 silly publish   readmeFilename: 'README.md',
21 silly publish   gitHead: '9a3722aad5e6dec6e1a67b2c9b443a7cb2538cda',
21 silly publish   bugs: { url: 'https://github.com/zguillez/generator-starling/issues' },
21 silly publish   homepage: 'https://github.com/zguillez/generator-starling#readme',
21 silly publish   _id: 'generator-starling@2.0.2',
21 silly publish   _shasum: '4b6efb73510925bf4a8aa08ed611993a30ad9a74',
21 silly publish   _from: '.' }
22 verbose getPublishConfig undefined
23 silly mapToRegistry name generator-starling
24 silly mapToRegistry using default registry
25 silly mapToRegistry registry https://registry.npmjs.org/
26 silly mapToRegistry uri https://registry.npmjs.org/generator-starling
27 verbose publish registryBase https://registry.npmjs.org/
28 silly publish uploading /Users/zguillez/.npm/generator-starling/2.0.2/package.tgz
29 verbose request uri https://registry.npmjs.org/generator-starling
30 verbose request sending authorization for write operation
31 info attempt registry request try #1 at 17:45:11
32 verbose request using bearer token for auth
33 verbose request id faa7221cafeec48c
34 http request PUT https://registry.npmjs.org/generator-starling
35 http 403 https://registry.npmjs.org/generator-starling
36 verbose headers { 'content-type': 'application/json',
36 verbose headers   'cache-control': 'max-age=300',
36 verbose headers   'content-length': '95',
36 verbose headers   'accept-ranges': 'bytes',
36 verbose headers   date: 'Fri, 08 Apr 2016 15:45:20 GMT',
36 verbose headers   via: '1.1 varnish',
36 verbose headers   connection: 'keep-alive',
36 verbose headers   'x-served-by': 'cache-lcy1131-LCY',
36 verbose headers   'x-cache': 'MISS',
36 verbose headers   'x-cache-hits': '0',
36 verbose headers   'x-timer': 'S1460130312.422037,VS0,VE8220',
36 verbose headers   vary: 'Accept-Encoding' }
37 verbose request invalidating /Users/zguillez/.npm/registry.npmjs.org/generator-starling on PUT
38 error publish Failed PUT 403
39 verbose stack Error: "You cannot publish over the previously published version 2.0.2." : generator-starling
39 verbose stack     at makeError (/usr/local/lib/node_modules/npm/node_modules/npm-registry-client/lib/request.js:264:12)
39 verbose stack     at CachingRegistryClient.<anonymous> (/usr/local/lib/node_modules/npm/node_modules/npm-registry-client/lib/request.js:252:14)
39 verbose stack     at Request._callback (/usr/local/lib/node_modules/npm/node_modules/npm-registry-client/lib/request.js:172:14)
39 verbose stack     at Request.self.callback (/usr/local/lib/node_modules/npm/node_modules/request/request.js:199:22)
39 verbose stack     at emitTwo (events.js:100:13)
39 verbose stack     at Request.emit (events.js:185:7)
39 verbose stack     at Request.<anonymous> (/usr/local/lib/node_modules/npm/node_modules/request/request.js:1036:10)
39 verbose stack     at emitOne (events.js:95:20)
39 verbose stack     at Request.emit (events.js:182:7)
39 verbose stack     at IncomingMessage.<anonymous> (/usr/local/lib/node_modules/npm/node_modules/request/request.js:963:12)
40 verbose statusCode 403
41 verbose pkgid generator-starling
42 verbose cwd /Volumes/Data/Repositorios/yeoman/generator-starling
43 error Darwin 15.3.0
44 error argv "/usr/local/bin/node" "/usr/local/bin/npm" "publish"
45 error node v5.8.0
46 error npm  v3.7.3
47 error code E403
48 error "You cannot publish over the previously published version 2.0.2." : generator-starling
49 error If you need help, you may report this error at:
49 error     <https://github.com/npm/npm/issues>
50 verbose exit [ 1, true ]
